[www.northsidepulmonary.com/npsm/index.html]
[backblue.gif]
[fade.gif]
[index.html]
[www.northsidepulmonary.com/npsm/js/scripts.js]
[www.northsidepulmonary.com/npsm/index.html]
[www.northsidepulmonary.com/npsm/css/style.css]
[www.northsidepulmonary.com/npsm/patientportal/index.html]
[www.northsidepulmonary.com/npsm/services/index.html]
[www.northsidepulmonary.com/npsm/patientportal/PatientPortal.png]
[www.northsidepulmonary.com/npsm/patientportal/index.html]
[www.northsidepulmonary.com/npsm/services/index.html]
[www.northsidepulmonary.com/npsm/drkumaran/index.html]
[www.northsidepulmonary.com/npsm/drnayak/index.html]
[www.northsidepulmonary.com/npsm/forms/index.html]
[www.northsidepulmonary.com/npsm/questions/index.html]
[www.northsidepulmonary.com/npsm/drnayak/UshaNayaksmall.jpg]
[www.northsidepulmonary.com/npsm/drnayak/index.html]
[www.northsidepulmonary.com/npsm/contactus/index.html]
[www.northsidepulmonary.com/npsm/contactus/CummingLocation/index.html]
[www.northsidepulmonary.com/npsm/drkumaran/drk_small2.jpg]
[www.northsidepulmonary.com/npsm/drkumaran/index.html]
[www.northsidepulmonary.com/npsm/contactus/DawsonvilleLocation/index.html]
[www.northsidepulmonary.com/npsm/contactus/BufordLocation/index.html]
[www.northsidepulmonary.com/npsm/forms/new_pt_registration.pdf]
[www.northsidepulmonary.com/npsm/forms/medical_recs_release.pdf]
[www.northsidepulmonary.com/npsm/forms/rights_and_responsibilities_as_a_patient.pdf]
[www.northsidepulmonary.com/npsm/forms/hipaa_privacy.pdf]
[www.northsidepulmonary.com/npsm/forms/partnership_for_safety.pdf]
[www.northsidepulmonary.com/npsm/forms/index.html]
[www.northsidepulmonary.com/npsm/questions/index.html]
[www.northsidepulmonary.com/npsm/contactus/PatientPortal.png]
[www.northsidepulmonary.com/npsm/contactus/index.html]
[www.northsidepulmonary.com/npsm/contactus/CummingLocation/index.html]
[www.northsidepulmonary.com/npsm/contactus/DawsonMedicalBuilding.jpg]
[www.northsidepulmonary.com/npsm/contactus/DawsonvilleLocation/index.html]
[www.northsidepulmonary.com/npsm/contactus/BufordLocation/index.html]
